2017-11-14 09:06:41,260 - transaction - INFO - account: alex  action: 消费  amount: 3000.0  interest:  0.0
2017-11-14 10:27:58,834 - transaction - INFO - account: alex  action: 消费  amount: 50.0  interest:  0.0
2017-11-14 10:27:58,845 - transaction - INFO - account: alex  action: 消费  amount: 50.0  interest:  0.0
2017-11-14 15:04:42,439 - transaction - INFO - account: alex  action: 消费  amount: 30.0  interest:  0.0
2017-11-14 15:11:31,344 - transaction - INFO - account: alex  action: 消费  amount: 1200.0  interest:  0.0
2017-11-14 17:22:31,003 - transaction - INFO - account: alex  action: 消费  amount: 168.0  interest:  0.0
2017-11-14 17:23:02,632 - transaction - INFO - account: alex  action: 消费  amount: 240.0  interest:  0.0
2017-11-14 17:23:22,169 - transaction - INFO - account: alex  action: 消费  amount: 7300.0  interest:  0.0
2017-11-14 17:25:37,103 - transaction - INFO - account: alex  action: 消费  amount: 168.0  interest:  0.0
2017-11-14 17:26:10,358 - transaction - INFO - account: alex  action: 消费  amount: 168.0  interest:  0.0
2017-11-14 17:27:59,726 - transaction - INFO - account: alex  action: 消费  amount: 240.0  interest:  0.0
2017-11-14 17:29:39,568 - transaction - INFO - account: alex  action: 消费  amount: 120.0  interest:  0.0
2017-11-14 20:33:37,811 - transaction - INFO - account: Alex  action: 消费  amount: 50.0  interest:  0.0
2017-11-14 20:33:37,920 - transaction - INFO - account: Alex  action: 消费  amount: 50.0  interest:  0.0
2017-11-14 20:39:09,819 - transaction - INFO - account: Alex  action: 消费  amount: 50.0  interest:  0.0
2017-11-14 20:39:09,819 - transaction - INFO - account: Alex  action: 消费  amount: 50.0  interest:  0.0
2017-11-14 20:49:03,685 - transaction - INFO - account: Alex  action: 消费  amount: 168.0  interest:  0.0
2017-11-14 20:49:33,113 - transaction - INFO - account: Alex  action: 消费  amount: 120.0  interest:  0.0
2017-11-14 20:51:29,297 - transaction - INFO - account: Alex  action: 消费  amount: 168.0  interest:  0.0
2017-11-14 20:51:39,936 - transaction - INFO - account: Alex  action: 消费  amount: 168.0  interest:  0.0
2017-11-14 20:51:42,729 - transaction - INFO - account: Alex  action: 消费  amount: 240.0  interest:  0.0
2017-11-14 20:57:17,835 - transaction - INFO - account: Alex  action: 还款  amount: 50.0  interest:  0.0
2017-11-14 20:57:36,555 - transaction - INFO - account: Alex  action: 还款  amount: -1.0  interest:  -0.0
2017-11-14 21:22:13,899 - transaction - INFO - account: Alex  action: 还款  amount: 550.0  interest:  0.0
2017-11-14 21:22:18,642 - transaction - INFO - account: Alex  action: 还款  amount: 10.0  interest:  0.0
2017-11-14 21:22:42,716 - transaction - INFO - account: Alex  action: 取款  amount: 1000.0  interest:  50.0
2017-11-14 21:22:52,076 - transaction - INFO - account: Alex  action: 取款  amount: 500.0  interest:  25.0
2017-11-14 21:30:18,349 - transaction - INFO - account: Alex  action: 转出  amount: 400.0  interest:  20.0
2017-11-14 21:33:30,651 - transaction - INFO - account: Alex  action: 转出  amount: 400.0  interest:  20.0
2017-11-14 21:33:30,651 - transaction - INFO - account: Koctr  action: 转入  amount: 400.0  interest:  0.0
2017-11-16 09:34:42,077 - transaction - INFO - account: Koctr  action: 取款  amount: 100.0  interest:  5.0
2017-11-16 09:34:50,459 - transaction - INFO - account: Koctr  action: 取款  amount: 100.0  interest:  5.0
2017-11-16 09:35:23,224 - transaction - INFO - account: Koctr  action: 转出  amount: 100.0  interest:  5.0
2017-11-16 09:41:40,075 - transaction - INFO - account: Koctr  action: 转出  amount: 100.0  interest:  5.0
2017-11-16 09:41:40,085 - transaction - INFO - account: Koch  action: 转入  amount: 100.0  interest:  0.0
2017-11-16 11:32:09,370 - transaction - INFO - account: Koctr  action: 消费  amount: 120.0  interest:  0.0
2017-11-16 11:32:12,387 - transaction - INFO - account: Koctr  action: 消费  amount: 120.0  interest:  0.0
2017-11-16 11:32:35,316 - transaction - INFO - account: Koctr  action: 消费  amount: 120.0  interest:  0.0
2017-11-16 11:32:41,997 - transaction - INFO - account: Koctr  action: 消费  amount: 168.0  interest:  0.0
2017-11-16 11:34:49,410 - transaction - INFO - account: Koctr  action: 消费  amount: 168.0  interest:  0.0
2017-11-16 15:15:55,045 - transaction - INFO - account: Koctr  action: 消费  amount: 120.0  interest:  0.0
2017-11-16 15:15:57,550 - transaction - INFO - account: Koctr  action: 消费  amount: 168.0  interest:  0.0
2017-11-16 15:16:01,674 - transaction - INFO - account: Koctr  action: 消费  amount: 3500.0  interest:  0.0
2017-11-16 16:17:42,231 - transaction - INFO - account: Koctr  action: 取款  amount: 1.0  interest:  0.05
2017-11-16 17:33:58,374 - transaction - INFO - account: Koctr  action: 消费  amount: 168.0  interest:  0.0
